a   1304     10   1303      1    .071467    .400000  57.665604
a   1304     10   2210      1    .000000    .000000  57.665604
a   1304     10   2208      1    .071467    .600000  57.665604
a   1ª04 3     10      1    .138889    .150943  57.665604
a   1304   1303   2210      1    .138889   1.680961  57.665604
a   1304   1ª03   2208      1    .067422   1.000000  57.665604
a   1304   2210     10      1    .837819    .000000  57.665604
a   1304   221004 3      1    .300853    .427832  57.665604
a   1304   2210   2208      1    .837819    .572168  57.665604
a   1ª04   2208     10      1    .023291   1.000000  57.665604
a   1ª0  2208   1303      1    .560257    .346154  57.665604
a   1304   2208   2210      1    .560257   1.503496  57.665604
a   1305   2211   1306      1    .224559   1.000000  98.949707
a   1305   2211   2210      1    .363980   1.000000  98.949707
a   1ª05   9999   2211      1    .139421   1.000000  98.949707
a   1305   9999   1306      1    .139421   1.000000  98.949707
a   1305   9999   2210      1    .000000   1.000000  98.949707
a   1305   1306   2211      1    .478006   1.115345  98.949707
a   1ª05   1306   2210      1    .478006   1.713323  98.949707
a   1305   2210   2211      1    .158014    .390542  98.949707
a   1305   2210   1306      1    .636020   1.463144  98.949707
a   1ª07   1ª08   4361      1    .109155    .251621 180.000000
a   1307   1308      8      1    .082636    .076063 180.0000006656004 8   2211      1    .109155   1.520286 