a   1304     10   1303      1    .067564    .428571  51.965714
a   1304     10   2210      1    .000000    .000000  51.965714
a   1304     10   2208      1    .067564    .571429  51.965714
a   1304   1303     10      1    .176310    .185792  51.965714
a   1304   1303   2210      1    .176310   1.649280  51.965714
a   1304   1303   2208      1    .108747   1.000000  51.965714
a   1304   2210     10      1    .797510    .000000  51.965714
a   1304   2210   1303      1    .299208    .441971  51.965714
a   1304   2210   2208      1    .797510    .558029  51.965714
a   1304   2208     10      1    .026180   1.000000  51.965714
a   1304   2208   1303      1    .524481    .186380  51.965714
a   1304   2208   2210      1    .524481   1.648746  51.965714
a   1305   2211   1306      1    .279518   1.000000 113.494736
a   1305   2211   2210      1    .388920   1.000000 113.494736
a   1305   9999   2211      1    .109402   1.000000 113.494736
a   1305   9999   1306      1    .109402   1.000000 113.494736
a   1305   9999   2210      1    .000000   1.000000 113.494736
a   1305   1306   2211      1    .448872   1.020431 113.494736
a   1305   1306   2210      1    .448872   1.799608 113.494736
a   1305   2210   2211      1    .162208    .416678 113.494736
a   1305   2210   1306      1    .6130380   1.439383 113.494736
a   1307   1308   4361      1    .128099    .270344 180.000000
a   1307   1308      8      1    .090712    .063155 180.000000
a   1307   1308   2211      1    .128099   1.515002 180.000000
a   1307   4361   1308      1    .089560    .603042 1