a   1304     10   1303      1    .072537    .428571  53.043266
a   1304     10   2210      1    .000000    .000000  53.043266
a   1304     10   2208      1    .072537    .571429  53.043266
a   1304   1303     10      1    .126882    .231156  53.043266
a   1304   1303   2210      1    .126882   1.608040  53.043266
a   1304   1303   2208      1    .054345   1.000000  53.043266
a   1304   2210     10      1    .844620    .000000  53.043266
a   1304   2210   1303      1    .298484    .384122  53.043266
a   1304   2210   2208      1    .844620    .615878  53.043266
a   1304   2208     10      1    .028498   1.000000  53.043266
a   1304   2208   1303      1    .574634    .356495  53.043266
a   1304   2208   2210      1    .574634   1.494095  53.043266
a   1305   2211   1306      1    .317203   1.000000 180.000000
a   1305   2211   2210      1    .421525   1.000000 180.000000
a   1305   9999   2211      1    .3034322   1.000000 180.000000
a   1305   9999   1306      1    .304322   1.000000 180.000000
a   1305   9999   2210      1    .000000   1.000000 180.000000
a   1305   1306   2211      1    .431082   1.026846 180.000000
a   1305   1306   2210      1    .431082   1.793777 180.000000
a   1305   2210   2211      1    .147393    .420359 180.000000
a   1305   2210   1306      1    .578475   10936037 180.000000
a   1307   1308   4361      1    .113515    .339094 180.000000
a   1307   1308      8      1    .086497    .070671 180.000000
a   1307   1308   2211      1    .113515   1.445668 180.000000
a   1307   4361   1308      1    .086258    .664810 180.000000
a   1307   4361      8      1    .086258    .999832 180.000000
a   1307   4361   2211      1    .059240    .335358 180.000000
a   1307      8   1308      1    .299039    .108764 180.000000
a   1307      8   4361      1    .018325    .800600 180.000000
a   1307      8   2211      1    .299039    .090636 180.000000
a   1307   2211   1308      1    .528206    .095475 180.000000
a   1307   2211   4361      1    .808920   1.623047 180.000000
a   1307   2211      8      1    .808920    .119173 180.000000
a   1311      9   3146      1    .652678    .203759 180.000000
a   1311      9   2211      1    .249955    .370200 180.000000
a   1311      9   3145      1    .652678    .426041 180.000000
a   1311   3146      9      1    .441458    .275618 180.000000
a   1311   3146   2211      1    .441458   1.567620 180.000000
a   1311   3146   3145      1    .03830475   10000000 180.000000
a   1311   2211      9      1    .301701    .748092 180.000000
a   1311   2211   3146      1    .083065   10000000 180.000000
a   1311   2211   3145      1    .301701   1.251908 180.000000
a   1311   3145      9      1    .006886   1.000000 180.000000
a   1311   3145   3146      1    .225523    .017921 180.000000
a   1311   3145   2211      1    .225523   1.801890 180.000000
a   1312   3120   2211      1    .621273   1.818182 180.000000
a   1312   3120   2215      1    .105034   1.000000 180.000000
a   1312   3120     18      1    .621273    .000000 180.000000
a   1312   2211   3120      1    .600684    .613418 180.000000
a   1312   2211   2215      1    .600684    .030246 180.000000
a   1312   2211     18      1    .084445    .356337 180.000000
a   1312   2215   3120      1    .213549   1.305263 180.000000
a   1312   2215   2211      1    .176571   1.000000 180.000000
a   1312   2215     18      1    .213549    .694737 180.000000
a   1312     18   3120      1    .080732    .112520 180.000000
a   1312     18   2211      1    .117711    .578791 180.000000
a   1312     18   2215      1    .117711    .308689 180.000000
a   1316     31   1815      1    .302866    .250580 180.000000
a   1316     31   1317      1    .049437    .413536 180.000000
a   1316     31   2219      1    .302866    .335884 180.000000
a   1316   1815     31      1    .507297    .162619 180.000000
a   1316   1815   1317      1    .507297    .270009 180.000000
a   1316   1815   2219      1    .253869    .567372 180.000000
a   1316   1317     31      0    .443266    .000000 180.000000
a   1316   1317   1815      1    .080383   1.000000 180.000000
a   1316   1317   2219      1    .443266   1.000000 180.000000
a   1316   2219     31      0    .000000    .000000 180.000000
a   1316   2219   1815      1    .362883    .842264 180.000000
a   1316   2219   1317      1    .362883   1.157736 180.000000
a   1317   1329   1816      1    .541160   1.758764 180.000000
a   1317   1329   1318      1    .317718   1.000000 180.000000
a   1317   1329   1316      1    .541160    .065359 180.000000
a   1317   1816   1329      1    .328049   1.531213 180.000000
a   1317   1816   1318      1    .328049    .315665 180.000000
a   1317   1816   1316      1    .104607   1.000000 180.000000
a   1317   1318   1329      1    .280813    .892265 180.000000
a   1317   1318   1816      1    .095510   1.000000 180.000000
a   1317   1318   1316      1    .280813   1.916123 180.000000
a   1317   1316   1329      1    .073420   1.000000 180.000000
a   1317   1316   1816      1    .258723    .195652 180.000000
a   1317   1316   1318      1    .258723   2.336957 180.000000
a   1318     37   9999      1    .026140    .000000 180.000000
a   1318     37   2272      1    .000000  6130000 180.000000
a   1318     37   1317      1    .026140   1.000000 180.000000
a   1318   9999     37      1    .026140    1.000000000 180.000000
a   1318   9999   2272      1    .026140   1.000000 180.000000
a   1318   9999   1317      1    .000000   1.000000 180.000000
a   1318   2272     37      1    .741243    .000000 180.000000
a   1318   2272   9999      1    .000000  6 .000000 180.000000
a   1318   2272   1317      1    .741243