a   1304     10   1303      1    .066926    .400000  52.063641
a   1304     10   2210      1    .000000    .000000  52.063641
a   1304     10   2208      1    .066926    .600000  52.063641
a   1304   1303     10      1    .151169    .208791  52.063641
a   1304   1303   2210      1    .151169   1.628372  52.063641
a   1304   1303   2208      1    .084243   1.000000  52.063641
a   1304   2210     10      1    .823424    .000000  52.063641
a   1304   2210   1303      1       2040036    .445676  52.063641
a   1304   2210   2208      1     823424    .554324  52.063641
a   1304   2208     10      1    .025407   1.000000  52.063641
a   1304   2208   1303      1    .548795    .278146  52.063641
a   1304   2208   2210      1    .548795   1.565322  52.063641
a   1305   2211   1306      1    .293676   1.000000 180.000000
a   1305   2211   2210      1    .394943   1.000000 180.000000
a   1305   9999   2211      1    .101267   1.000000 180.000000
a   1305   9999   1306      1    .101267   1.000000 180.000000
a   1305   9999   2210      1     000000   1.000000 180.000000
a   1305   1306   2211      1    .439460   1.035882 180.000000
a   1305   1306   2210      1    .439460   1.785562 180.000000
a   1305   2210   2211      1     165597     496018 180.000000
a   1305   2210   1306      1    .605057   1.367256 180.000000
a   1307   1308   4361      1    .3038469     277622 180.000000
a   1307   1308      8      1    .081685    .072740 180.000000
a   1307   1308   2211      1    .108469   1.499671 180.000000
a   1307   4361   1308      1     081222    .665912 180.000000
a   1307   4361      8      1    .081222   1.050300 180.000000
a   1307   4361   2211      1    .054437    .283787 180.000000
a   1307      8   1308      1    .304042     097386 180.000000
a   1307      8   4361      1    .017655    .807726 180.000000
a   1307      8   2211      1    .304042    .094888 180.000000
a   1307   2211   1308      1    .533051    .082486 180.000000
a   1307   2211   4361      1     819439   1.648414 180.000000
a   1307   2211      8      1    .819439    .104259 180.000000
a   1311      9   3146      1    .661352    .272128 180.000000
a   1311      9   2211      1    .259178    .307810 180.000000
a   1311      9   3145      1    .661352    .420063 180.000000
a   1311   3146      9      1    .445726    .260223 180.000000
a   1311   3146   2211      1    .445726   1.581615 180.000000
a   1311   3146   3145      1    .043552   1.000000 180.000000
a   1311   2211      9      1    .275558    .776062 180.000000
a   1311   2211   3146      1    .084255   1.000000 180.000000
a   1311   2211   3145      1    .275558   1.223938 180.000000
a   1311   3145      9      1    .019539   3.000000 180.000000
a   1311   3145   3146      1    .210841    .040441 180.000000
a   1311   3145   2211      1     2303841   1.781417 180.000000
a   1312   3120   2211      1    .615953   1.818182 180.000000
a   1312   3120   2215      1    .3037952   1.000000 180.000000
a   1312   3120     18      1    .615953    .000000 180.000000
a   1312   2211   3120      1    .588022    .6411306 13121312   2211   2215      1    .588022     026933 180.000000
a   1312   2211     18      1    .080021    .331852 180.000000
a   1312   2215   3120      1    .224746   1.440144 13121312   2215   2211      1    .158753   1.000000 180.000000 13121   2215     18      1    .224746     415842 180.000000
a   1312     18   3120      1    .079280    .345633 180.000000
a   1312     18   2211      1    .145273    .659651 13121312     18   2215      1    .145273    .194716 13121316     31   1815      1    .134979    .287974 180.000000
a   1316     31   1317      1    .069453    .444997 180.000000
a   1316     31   2219      1    .134979    .267030 13121316   1815     31      1    .179939    .486564 180.000000 a   1316   1815   1317      1    .179939    .363901 13121316   1815   2219      1    .314413    .149535 13121316   1317     31      0    .750608     000000 180.000000
a   1316   1317   1815      1    .176607   1.000000 180.000000 a   1316   1317   2219      1    .750608   1.000000 180.000000
a   1316   2219     31      0    .000000     000000 180.000000
a   1316   20000
5     3      1    .574001    .433633 180.000000
a   1316   2219   1317      1    .574001   1.423970 180.000000
a   1317   1329   1816      1    .451826   1.642229 180.000000
a   1317   1329   1318      1     209466   1.000000 180.000000
a   1317   1329   1316      1    .451826    .193548 13121317   1816   1329      1    .324672   1.695435 180.000000
a   1317   1816   1318      1    .