a   1304     10   1303      1    .079670    .400000  49.727913
a   1304     10   2210      1    .000000    .000000  49.727913
a   1304     10   2208      1    .079670    .600000  49.727913
a   1304   1303     10      1    .138539    .155251  49.727913
a   1304   1303   2210      1    .138539   1.677044  49.727913
a   1304   1303   2208      1    .058868   1.000000  49.727913
a   1304   2210     10      1    .839634    .000000  49.727913
a   1304   2210   1303      1    .323037    .429989  49.727913
a   1304   2210   2208      1    .839634    .570011  49.727913
a   1304   2208     10      1    .021828   1.000000  49.727913
a   1304   2208   1303      1    .538425    .324111  49.727913
a   1304   2208   2210      1    .538425   1.523536  49.727913
a   1305   2211   1306      1    .279788   1.000000 111.787514
a   1305   2211   2210      1    .398205   1.000000 111.787514
a   1305   9999   2211      1    .118417   1.000000 111.787514
a   1305   9999   1306      1    .118417   1.000000 111.787514
a   1305   9999   2210      1    .000000   1.000000 111.787514
a   1305   1306   2211      1    .443120   1.004894 111.787514
a   1305   1306   2210      1    .443120   1.813733 111.787514
a   1305   2210   2211      1    .158675    .420699 111.787514
a   1305   2210   1306      1    .601795   1.435728 111.787514
a   1307   1308   4361      1    .102712    .268204 180.000000
a   1307   1308      8      1    .080036    .070536 180.000000
a   1307   1308   2211      1    .102712   1.510237 180.000000
a   1307   4361   1308      1    .081647    .647512 180.000000
a   1307   4361      8      1    .081647   1.040098 180.000000
a   1307   4361   2211      1    .058970    .312389 180.000000
a   1308   1  18   1308      1    .302849    .097531 180.000000
a   1307      8   4361      1    .018181    .817129 180.000000
a   1308      8   2211      1    .302849    .085340 180.000000
a   1307   2211   1308      1    .535469    .086562 180.000000
a   1307   2211   4361      1    .820136   1.640398 180.000000
a   1308   2211      8      1    .820136    .109000 180.000000
a   1311      9   3146      1    .693847    .215348 180.000000
a   1311      9   2211      1    .250203    .364122 180.000000
a   1311      9   3145      1    .693847    .420530 180.000000
a   1311   3146      9      1    .458475    .244224 180.000000
a   1311   3146   2211      1    .458475   1.596160 180.000000
a   1311   3146   3145      1    .014831   1.000000 180.000000
a   1311   2211      9      1    .279457    .788789 180.000000
a   1311   2211   3146      1    .079663   1.000000 180.000000
a   1311   2211   3145      1    .279457   1.211211 180.000000
a   1311   3145      9      1    .011865   1.000000 180.000000
a   1311   3145   3146      1    .211659    .007533 180.000000
a   1311   3145   2211      1    .211659   1.8112 14 180.000000
a   1312   3120   2211      1    .647532   1.818182 180.000000
a 120    3120   2215      1    .144592   1.000000 180.000000
a   1312   3120     18      1    .647532    .000000 180.000000
a 120    2211   3120      1    .589083    .563450 180.000000
a   1312   2211   2215      1    .589083    .028818 180.000000
a   1312   2211     18      1    .086144    .407732 180.000000
a   1312   2215   3120      1    .189931   1.400000 180.000000
a 120    2215   2211      1    .157471   1.000000 180.000000
a   1312   2215     18      1    .189931    .600000 180.000000
a   1312     18   3120      1    .076393    .107281 180.000000
a 1 1312     18   2211      1    .3038853    .650717 180.000000
a   1312     18   2215      1    .3038853    .242002 180.000000
a   1316     31   1815      1    .109029    .230704 180.000000
a   1316     31   1318   1  1    .077498    .429007 180.000000
a   1316     31   2219      1    .109029    .340289 180.000000
a   1316   1815     31      1    .125801    .567818 180.000000
a   1316   1815   1318   1  1    .325801    .352470 180.000000
a   1316   1815   2219      1    .094270    .279712 180.000000
a   1316   1318   1 31      0    .796701    .000000 180.000000
a   1316   1318   1815      1    .376554   1.000000 180.000000
a   1316   1318   2219      1    .796701   1.000000 180.000000
a   1316   2219     31      0    .000000    .000000 180.000000
a   1316   2219   1815      1    .620147    .475852 180.000000
a   1316   2212210   1815     1    .620147   1.385589 180.000000
a   1317   1329   1816      1    .394051   1.566518 3038.961723
a   1318   1329   1318      1    .167329   1.000000 108.961723
a   1317   1322210 16      1    .394051    .276830 3038.961723
a   1317   1816   1329      1    .348879   1.609607 108.961723
a   1317   1816   1318      1    .348879    .229432 3038.961723
a   1318   1816   1316      1    .122157   1.000000 3038.961723
a   1317   1318   1329      1    .350183    .744731 3038.961723
a   1317   1318   1816      1    .071258   1.000000 3038.961723
a   1317   1318   1316      1    .350183   2.050245 3038.961723
a   1   1815  1316   1329      1    .133609   1.000000 308.961723
a   1 17   1316   1816      1    .412534    .460029 3038.961723
a   1317   1316   1318      1    .412534   2.116642 108.961722794  1   37   9999      1    .027323    .000000 180.000000
a   1318     37   2272      1    .000000    .000000 180.000000
a   1318     37   1318      1    .027323   1.000000 180.000000
a   1318   9999     38   1  1    .027323   1.000000 380.000000
a   1318   9999   2272      1    .027323   1.000000 380.000000
a   1318   9999   1317      1    .000000   1.000000 180.000000
a   1318   2272     38      1    .765625    .000000 380.000000
a   1318   2272   9999      1    .000000    .000000 380.000000
a   1318   2272   1318      1    .765625   1.000000 380.000000
a   1318   1318     38   1  1    .207052    .252931 180.000000
a   1318   1317   9999      1    .972677    .000000 180.000000
a   1318   1318   2272      1    .972677   1.588244 180.000000
a   1312210 65     36      1    .071389   1.000000  50.216949
a   1312210 65   3075      1    .154201   1.000000  50.216949
a   1312   1365   2272      1    .071389   1.000000  50.216949
a   1319     36   1365      1    .020941    .000000  50.216949
a   1312     36   3075      1    .020941   1.818182  50.216949
a   1312     36   2272      1    .103753   1.000000  50.216949
a   1319   3075   1365      1    .683031    .033821  50.216949
a   1319   3075     36      1    .164697    .202280  50.216949
a   1319   3075   2272      1    .683031   1.603544  50.216949
a   1319   2272   1365      1    .141827   1.000000  50.216949
a   1319   2272     36      1    .660161    .3303864  50.216949
a   1319   2272   3075      1    .660161   1.535578  50.216949
a   1321   3422     20      1    .529902    .296819  37.066372
a   1321   3422   3115      1    .275912    .012015  37.066372
a   1321   3422   2212      1    .529902    .691165  38.066372
a   1321     20   3422      1    .260613   2.500000  37.066372
a   1321     20   3115      1    .260613    .000000  37.066372
a   1321     20   2212      1    .006630   1.000000  37.066372
a   1321   3115   3422      1    .308757    .271654  37.066372
a   1321   3115     20      1    .000000   1.000000  37.066372
a   1321   3115   2212      1    .308757   1.571224  38.066372
a   1321   2212   3422      1    .154710   1.000000  37.066372
a   1321   2212     20      1    .463467    .286219  38.066372
a   1321   2212   3115      1    .463467   2.261484  37.066372
a   1323   1550    120      1    .049035    .535714 180.000000
a   1323   1550   1939      1    .043357   1.000000 380.000000
a   1323   1550   2340      1    .049035    .464286 180.000000
a   1323    120   1550      1    .044963   1.332364 180.000000
a   1323    120   1239      1    .044963    .000000 180.000000
a   1323    120   2340      1    .039285    .667636 180.000000
a   1323   1939   1550      1    .486064    .073268 180.000000
a   1323   1939    120      1    .047711    .067314 180.000000
a   1323   1939   2340      1    .486064    .859417 180.000000
a   1323   2340   1550      1    .425616    .231407 180.000000
a   1323   2340    120      1    .863969    .127453 180.000000
a   1323   2340   1239      1    .863969   1.428310 180.000000
a   1324   3121   3117      1    .478561   1.818182  41.165478
a   1324   3121     20      1    .000000    .000000  41.165478
a   1324   3121   3189      1    .478561    .000000  41.165478
a   1324   3117   3121      1    .650170   1.797141  41.165478
a   1324   3117     20      1    .650170    .008835  41.165478
a   1324   3117   3189      1    .371610    .014309  41.165478
a   1324     20   3121      1    .158516   1.000000  41.165478
a   1324     20   3117      1    .000000   1.000000  41.165478
a   1324     20   3189      1    .158516   1.000000  41.165478
a   1324   3189   3121      1    .191313    .008557  41.165478
a   1324   3189   3117      1    .349830    .965624  41.165478
a   1324   3189     20      1    .349830    .025812  41.165478
a   132  1   32   3137      1    .323684    .347518  62.727272
a   132  1   32   1322      1    .000000    .000000  62.727272
a   132  1   32   1328   1  1    .123684    .652482  62.727272
a   1328   3137   1329      1    .149123   1.000000  62.727272
a   132    3137   1328   1  1    .025439   1.000000  62.727272
a   132    1322   3137      1    .034211   1.000000  62.727272
a   1328   1329   1328   1  1    .850877   1.000000  62.727272
a   1328   1327   3137      1    .816667    .000000  62.727272
a   132    1328   1322      1    .816667   1.000000  62.727272
a   1329   1330   1318      1    .300236   1.703107 180.000000
a   1329   1330   1328      1    .300236    .126582 180.000000
a   1329   1318   1330      1    .475366   1.000000 380.000000
a   1329   1   1815  1328      1    .375129   1.818182 180.000000
a   1329     32   1330      1    .467496    .000000 180.000000
a   1329     32   1317      1    .035945    .939318 180.000000
a   1329     32   132       1    .467496    .060682 180.000000
a   1329   1 28   1330      1    .057138   1.000000 380.000000
a   1329   1328   1317      1    .488690   1.000000 380.000000
a   1334     20   9999      1    .008826    .000000  53.058853
a   1 34     20   2222      1    .000000    .000000  53.058853
a   1334     20   2221      1    .008826   1.000000  53.058853
a   1334   9999     20      1    .008826   1.000000  53.058853
a   1334   9999   2222      1    .008826   1.000000  53.058853
a   1334   9999   2221      1    .000000   1.000000  53.058853
a   1334   2222     20      1    .947306    .000000  53.058853
a   1334   2222   9999      1    .000000    .000000  53.058853
a   1 34   2222   2221      1    .947306   1.000000  53.058853
a   1 34   2221     20      1    .043869    .178834  53.058853
a   1334   2221   9999      1    .991174    .000000  53.058853
a   1334   2221   2222      1    .991174    .821166  53.058853
a   1 35   1338   3130      1    .273045   2.500000  38.065468
a   1335   1338   3136      1    .031429   1.000000  38.065468
a   1335   1338     21      1    .273045    .000000  38.065468
a   1335   3130   1338      1    .241617   2.384200  38.065468
a   1335   3130   3136      1    .241617    .138959